<?xml version="1.0" encoding="UTF-8"?>
<!-- Generated by org.testng.reporters.JUnitReportReporter -->
<testsuite hostname="DESKTOP-QK082SQ" failures="0" tests="4" name="Tests.NewTest586" time="48.358" errors="0" timestamp="2020-03-24T11:54:02 IST" skipped="0">
  <testcase classname="Tests.NewTest586" name="beforeClass" time="22.590"/>
  <testcase classname="Tests.NewTest586" name="f" time="1.444"/>
  <testcase classname="Tests.NewTest586" name="f2" time="18.374"/>
  <testcase classname="Tests.NewTest586" name="f3" time="5.950"/>
</testsuite> <!-- Tests.NewTest586 -->
